Start testing: Apr 14 22:38 CST
----------------------------------------------------------
1/19 Testing: PointTest.DefaultConstruction
1/19 Test: PointTest.DefaultConstruction
Command: "/Users/wenjian/work/find_far_most_point/build/bin/test_point_analyzer" "--gtest_filter=PointTest.DefaultConstruction" "--gtest_also_run_disabled_tests"
Directory: /Users/wenjian/work/find_far_most_point/build
"PointTest.DefaultConstruction" start time: Apr 14 22:38 CST
Output:
----------------------------------------------------------
Running main() from /private/tmp/googletest-20250910-5249-qce8ci/googletest-1.17.0/googletest/src/gtest_main.cc
Note: Google Test filter = PointTest.DefaultConstruction
[==========] Running 1 test from 1 test suite.
[----------] Global test environment set-up.
[----------] 1 test from PointTest
[ RUN      ] PointTest.DefaultConstruction
[       OK ] PointTest.DefaultConstruction (0 ms)
[----------] 1 test from PointTest (0 ms total)

[----------] Global test environment tear-down
[==========] 1 test from 1 test suite ran. (0 ms total)
[  PASSED  ] 1 test.
<end of output>
Test time =   0.00 sec
----------------------------------------------------------
Test Passed.
"PointTest.DefaultConstruction" end time: Apr 14 22:38 CST
"PointTest.DefaultConstruction" time elapsed: 00:00:00
----------------------------------------------------------

2/19 Testing: PointTest.ParameterizedConstruction
2/19 Test: PointTest.ParameterizedConstruction
Command: "/Users/wenjian/work/find_far_most_point/build/bin/test_point_analyzer" "--gtest_filter=PointTest.ParameterizedConstruction" "--gtest_also_run_disabled_tests"
Directory: /Users/wenjian/work/find_far_most_point/build
"PointTest.ParameterizedConstruction" start time: Apr 14 22:38 CST
Output:
----------------------------------------------------------
Running main() from /private/tmp/googletest-20250910-5249-qce8ci/googletest-1.17.0/googletest/src/gtest_main.cc
Note: Google Test filter = PointTest.ParameterizedConstruction
[==========] Running 1 test from 1 test suite.
[----------] Global test environment set-up.
[----------] 1 test from PointTest
[ RUN      ] PointTest.ParameterizedConstruction
[       OK ] PointTest.ParameterizedConstruction (0 ms)
[----------] 1 test from PointTest (0 ms total)

[----------] Global test environment tear-down
[==========] 1 test from 1 test suite ran. (0 ms total)
[  PASSED  ] 1 test.
<end of output>
Test time =   0.00 sec
----------------------------------------------------------
Test Passed.
"PointTest.ParameterizedConstruction" end time: Apr 14 22:38 CST
"PointTest.ParameterizedConstruction" time elapsed: 00:00:00
----------------------------------------------------------

3/19 Testing: StatisticsTest.DefaultInitialization
3/19 Test: StatisticsTest.DefaultInitialization
Command: "/Users/wenjian/work/find_far_most_point/build/bin/test_point_analyzer" "--gtest_filter=StatisticsTest.DefaultInitialization" "--gtest_also_run_disabled_tests"
Directory: /Users/wenjian/work/find_far_most_point/build
"StatisticsTest.DefaultInitialization" start time: Apr 14 22:38 CST
Output:
----------------------------------------------------------
Running main() from /private/tmp/googletest-20250910-5249-qce8ci/googletest-1.17.0/googletest/src/gtest_main.cc
Note: Google Test filter = StatisticsTest.DefaultInitialization
[==========] Running 1 test from 1 test suite.
[----------] Global test environment set-up.
[----------] 1 test from StatisticsTest
[ RUN      ] StatisticsTest.DefaultInitialization
[       OK ] StatisticsTest.DefaultInitialization (0 ms)
[----------] 1 test from StatisticsTest (0 ms total)

[----------] Global test environment tear-down
[==========] 1 test from 1 test suite ran. (0 ms total)
[  PASSED  ] 1 test.
<end of output>
Test time =   0.00 sec
----------------------------------------------------------
Test Passed.
"StatisticsTest.DefaultInitialization" end time: Apr 14 22:38 CST
"StatisticsTest.DefaultInitialization" time elapsed: 00:00:00
----------------------------------------------------------

4/19 Testing: AnalysisResultTest.DefaultInitialization
4/19 Test: AnalysisResultTest.DefaultInitialization
Command: "/Users/wenjian/work/find_far_most_point/build/bin/test_point_analyzer" "--gtest_filter=AnalysisResultTest.DefaultInitialization" "--gtest_also_run_disabled_tests"
Directory: /Users/wenjian/work/find_far_most_point/build
"AnalysisResultTest.DefaultInitialization" start time: Apr 14 22:38 CST
Output:
----------------------------------------------------------
Running main() from /private/tmp/googletest-20250910-5249-qce8ci/googletest-1.17.0/googletest/src/gtest_main.cc
Note: Google Test filter = AnalysisResultTest.DefaultInitialization
[==========] Running 1 test from 1 test suite.
[----------] Global test environment set-up.
[----------] 1 test from AnalysisResultTest
[ RUN      ] AnalysisResultTest.DefaultInitialization
[       OK ] AnalysisResultTest.DefaultInitialization (0 ms)
[----------] 1 test from AnalysisResultTest (0 ms total)

[----------] Global test environment tear-down
[==========] 1 test from 1 test suite ran. (0 ms total)
[  PASSED  ] 1 test.
<end of output>
Test time =   0.00 sec
----------------------------------------------------------
Test Passed.
"AnalysisResultTest.DefaultInitialization" end time: Apr 14 22:38 CST
"AnalysisResultTest.DefaultInitialization" time elapsed: 00:00:00
----------------------------------------------------------

5/19 Testing: KDTreeAdapterTest.PointCount
5/19 Test: KDTreeAdapterTest.PointCount
Command: "/Users/wenjian/work/find_far_most_point/build/bin/test_point_analyzer" "--gtest_filter=KDTreeAdapterTest.PointCount" "--gtest_also_run_disabled_tests"
Directory: /Users/wenjian/work/find_far_most_point/build
"KDTreeAdapterTest.PointCount" start time: Apr 14 22:38 CST
Output:
----------------------------------------------------------
Running main() from /private/tmp/googletest-20250910-5249-qce8ci/googletest-1.17.0/googletest/src/gtest_main.cc
Note: Google Test filter = KDTreeAdapterTest.PointCount
[==========] Running 1 test from 1 test suite.
[----------] Global test environment set-up.
[----------] 1 test from KDTreeAdapterTest
[ RUN      ] KDTreeAdapterTest.PointCount
[       OK ] KDTreeAdapterTest.PointCount (0 ms)
[----------] 1 test from KDTreeAdapterTest (0 ms total)

[----------] Global test environment tear-down
[==========] 1 test from 1 test suite ran. (0 ms total)
[  PASSED  ] 1 test.
<end of output>
Test time =   0.00 sec
----------------------------------------------------------
Test Passed.
"KDTreeAdapterTest.PointCount" end time: Apr 14 22:38 CST
"KDTreeAdapterTest.PointCount" time elapsed: 00:00:00
----------------------------------------------------------

6/19 Testing: KDTreeAdapterTest.GetPoint
6/19 Test: KDTreeAdapterTest.GetPoint
Command: "/Users/wenjian/work/find_far_most_point/build/bin/test_point_analyzer" "--gtest_filter=KDTreeAdapterTest.GetPoint" "--gtest_also_run_disabled_tests"
Directory: /Users/wenjian/work/find_far_most_point/build
"KDTreeAdapterTest.GetPoint" start time: Apr 14 22:38 CST
Output:
----------------------------------------------------------
Running main() from /private/tmp/googletest-20250910-5249-qce8ci/googletest-1.17.0/googletest/src/gtest_main.cc
Note: Google Test filter = KDTreeAdapterTest.GetPoint
[==========] Running 1 test from 1 test suite.
[----------] Global test environment set-up.
[----------] 1 test from KDTreeAdapterTest
[ RUN      ] KDTreeAdapterTest.GetPoint
[       OK ] KDTreeAdapterTest.GetPoint (0 ms)
[----------] 1 test from KDTreeAdapterTest (0 ms total)

[----------] Global test environment tear-down
[==========] 1 test from 1 test suite ran. (0 ms total)
[  PASSED  ] 1 test.
<end of output>
Test time =   0.00 sec
----------------------------------------------------------
Test Passed.
"KDTreeAdapterTest.GetPoint" end time: Apr 14 22:38 CST
"KDTreeAdapterTest.GetPoint" time elapsed: 00:00:00
----------------------------------------------------------

7/19 Testing: PointAnalyzerTest.ConstructorWithEmptyPoints
7/19 Test: PointAnalyzerTest.ConstructorWithEmptyPoints
Command: "/Users/wenjian/work/find_far_most_point/build/bin/test_point_analyzer" "--gtest_filter=PointAnalyzerTest.ConstructorWithEmptyPoints" "--gtest_also_run_disabled_tests"
Directory: /Users/wenjian/work/find_far_most_point/build
"PointAnalyzerTest.ConstructorWithEmptyPoints" start time: Apr 14 22:38 CST
Output:
----------------------------------------------------------
Running main() from /private/tmp/googletest-20250910-5249-qce8ci/googletest-1.17.0/googletest/src/gtest_main.cc
Note: Google Test filter = PointAnalyzerTest.ConstructorWithEmptyPoints
[==========] Running 1 test from 1 test suite.
[----------] Global test environment set-up.
[----------] 1 test from PointAnalyzerTest
[ RUN      ] PointAnalyzerTest.ConstructorWithEmptyPoints
[       OK ] PointAnalyzerTest.ConstructorWithEmptyPoints (0 ms)
[----------] 1 test from PointAnalyzerTest (0 ms total)

[----------] Global test environment tear-down
[==========] 1 test from 1 test suite ran. (0 ms total)
[  PASSED  ] 1 test.
<end of output>
Test time =   0.00 sec
----------------------------------------------------------
Test Passed.
"PointAnalyzerTest.ConstructorWithEmptyPoints" end time: Apr 14 22:38 CST
"PointAnalyzerTest.ConstructorWithEmptyPoints" time elapsed: 00:00:00
----------------------------------------------------------

8/19 Testing: PointAnalyzerTest.ConstructorWithPoints
8/19 Test: PointAnalyzerTest.ConstructorWithPoints
Command: "/Users/wenjian/work/find_far_most_point/build/bin/test_point_analyzer" "--gtest_filter=PointAnalyzerTest.ConstructorWithPoints" "--gtest_also_run_disabled_tests"
Directory: /Users/wenjian/work/find_far_most_point/build
"PointAnalyzerTest.ConstructorWithPoints" start time: Apr 14 22:38 CST
Output:
----------------------------------------------------------
Running main() from /private/tmp/googletest-20250910-5249-qce8ci/googletest-1.17.0/googletest/src/gtest_main.cc
Note: Google Test filter = PointAnalyzerTest.ConstructorWithPoints
[==========] Running 1 test from 1 test suite.
[----------] Global test environment set-up.
[----------] 1 test from PointAnalyzerTest
[ RUN      ] PointAnalyzerTest.ConstructorWithPoints
[       OK ] PointAnalyzerTest.ConstructorWithPoints (0 ms)
[----------] 1 test from PointAnalyzerTest (0 ms total)

[----------] Global test environment tear-down
[==========] 1 test from 1 test suite ran. (0 ms total)
[  PASSED  ] 1 test.
<end of output>
Test time =   0.00 sec
----------------------------------------------------------
Test Passed.
"PointAnalyzerTest.ConstructorWithPoints" end time: Apr 14 22:38 CST
"PointAnalyzerTest.ConstructorWithPoints" time elapsed: 00:00:00
----------------------------------------------------------

9/19 Testing: PointAnalyzerTest.FindMostIsolatedSinglePoint
9/19 Test: PointAnalyzerTest.FindMostIsolatedSinglePoint
Command: "/Users/wenjian/work/find_far_most_point/build/bin/test_point_analyzer" "--gtest_filter=PointAnalyzerTest.FindMostIsolatedSinglePoint" "--gtest_also_run_disabled_tests"
Directory: /Users/wenjian/work/find_far_most_point/build
"PointAnalyzerTest.FindMostIsolatedSinglePoint" start time: Apr 14 22:38 CST
Output:
----------------------------------------------------------
Running main() from /private/tmp/googletest-20250910-5249-qce8ci/googletest-1.17.0/googletest/src/gtest_main.cc
Note: Google Test filter = PointAnalyzerTest.FindMostIsolatedSinglePoint
[==========] Running 1 test from 1 test suite.
[----------] Global test environment set-up.
[----------] 1 test from PointAnalyzerTest
[ RUN      ] PointAnalyzerTest.FindMostIsolatedSinglePoint
[       OK ] PointAnalyzerTest.FindMostIsolatedSinglePoint (0 ms)
[----------] 1 test from PointAnalyzerTest (0 ms total)

[----------] Global test environment tear-down
[==========] 1 test from 1 test suite ran. (0 ms total)
[  PASSED  ] 1 test.
<end of output>
Test time =   0.00 sec
----------------------------------------------------------
Test Passed.
"PointAnalyzerTest.FindMostIsolatedSinglePoint" end time: Apr 14 22:38 CST
"PointAnalyzerTest.FindMostIsolatedSinglePoint" time elapsed: 00:00:00
----------------------------------------------------------

10/19 Testing: PointAnalyzerTest.FindMostIsolatedTwoPoints
10/19 Test: PointAnalyzerTest.FindMostIsolatedTwoPoints
Command: "/Users/wenjian/work/find_far_most_point/build/bin/test_point_analyzer" "--gtest_filter=PointAnalyzerTest.FindMostIsolatedTwoPoints" "--gtest_also_run_disabled_tests"
Directory: /Users/wenjian/work/find_far_most_point/build
"PointAnalyzerTest.FindMostIsolatedTwoPoints" start time: Apr 14 22:38 CST
Output:
----------------------------------------------------------
Running main() from /private/tmp/googletest-20250910-5249-qce8ci/googletest-1.17.0/googletest/src/gtest_main.cc
Note: Google Test filter = PointAnalyzerTest.FindMostIsolatedTwoPoints
[==========] Running 1 test from 1 test suite.
[----------] Global test environment set-up.
[----------] 1 test from PointAnalyzerTest
[ RUN      ] PointAnalyzerTest.FindMostIsolatedTwoPoints
[       OK ] PointAnalyzerTest.FindMostIsolatedTwoPoints (0 ms)
[----------] 1 test from PointAnalyzerTest (0 ms total)

[----------] Global test environment tear-down
[==========] 1 test from 1 test suite ran. (0 ms total)
[  PASSED  ] 1 test.
<end of output>
Test time =   0.00 sec
----------------------------------------------------------
Test Passed.
"PointAnalyzerTest.FindMostIsolatedTwoPoints" end time: Apr 14 22:38 CST
"PointAnalyzerTest.FindMostIsolatedTwoPoints" time elapsed: 00:00:00
----------------------------------------------------------

11/19 Testing: PointAnalyzerTest.FindMostIsolatedCluster
11/19 Test: PointAnalyzerTest.FindMostIsolatedCluster
Command: "/Users/wenjian/work/find_far_most_point/build/bin/test_point_analyzer" "--gtest_filter=PointAnalyzerTest.FindMostIsolatedCluster" "--gtest_also_run_disabled_tests"
Directory: /Users/wenjian/work/find_far_most_point/build
"PointAnalyzerTest.FindMostIsolatedCluster" start time: Apr 14 22:38 CST
Output:
----------------------------------------------------------
Running main() from /private/tmp/googletest-20250910-5249-qce8ci/googletest-1.17.0/googletest/src/gtest_main.cc
Note: Google Test filter = PointAnalyzerTest.FindMostIsolatedCluster
[==========] Running 1 test from 1 test suite.
[----------] Global test environment set-up.
[----------] 1 test from PointAnalyzerTest
[ RUN      ] PointAnalyzerTest.FindMostIsolatedCluster
[       OK ] PointAnalyzerTest.FindMostIsolatedCluster (0 ms)
[----------] 1 test from PointAnalyzerTest (0 ms total)

[----------] Global test environment tear-down
[==========] 1 test from 1 test suite ran. (0 ms total)
[  PASSED  ] 1 test.
<end of output>
Test time =   0.00 sec
----------------------------------------------------------
Test Passed.
"PointAnalyzerTest.FindMostIsolatedCluster" end time: Apr 14 22:38 CST
"PointAnalyzerTest.FindMostIsolatedCluster" time elapsed: 00:00:00
----------------------------------------------------------

12/19 Testing: PointAnalyzerTest.FindMostIsolatedEmpty
12/19 Test: PointAnalyzerTest.FindMostIsolatedEmpty
Command: "/Users/wenjian/work/find_far_most_point/build/bin/test_point_analyzer" "--gtest_filter=PointAnalyzerTest.FindMostIsolatedEmpty" "--gtest_also_run_disabled_tests"
Directory: /Users/wenjian/work/find_far_most_point/build
"PointAnalyzerTest.FindMostIsolatedEmpty" start time: Apr 14 22:38 CST
Output:
----------------------------------------------------------
Running main() from /private/tmp/googletest-20250910-5249-qce8ci/googletest-1.17.0/googletest/src/gtest_main.cc
Note: Google Test filter = PointAnalyzerTest.FindMostIsolatedEmpty
[==========] Running 1 test from 1 test suite.
[----------] Global test environment set-up.
[----------] 1 test from PointAnalyzerTest
[ RUN      ] PointAnalyzerTest.FindMostIsolatedEmpty
[       OK ] PointAnalyzerTest.FindMostIsolatedEmpty (0 ms)
[----------] 1 test from PointAnalyzerTest (0 ms total)

[----------] Global test environment tear-down
[==========] 1 test from 1 test suite ran. (0 ms total)
[  PASSED  ] 1 test.
<end of output>
Test time =   0.00 sec
----------------------------------------------------------
Test Passed.
"PointAnalyzerTest.FindMostIsolatedEmpty" end time: Apr 14 22:38 CST
"PointAnalyzerTest.FindMostIsolatedEmpty" time elapsed: 00:00:00
----------------------------------------------------------

13/19 Testing: PointAnalyzerTest.FindTopKIsolated
13/19 Test: PointAnalyzerTest.FindTopKIsolated
Command: "/Users/wenjian/work/find_far_most_point/build/bin/test_point_analyzer" "--gtest_filter=PointAnalyzerTest.FindTopKIsolated" "--gtest_also_run_disabled_tests"
Directory: /Users/wenjian/work/find_far_most_point/build
"PointAnalyzerTest.FindTopKIsolated" start time: Apr 14 22:38 CST
Output:
----------------------------------------------------------
Running main() from /private/tmp/googletest-20250910-5249-qce8ci/googletest-1.17.0/googletest/src/gtest_main.cc
Note: Google Test filter = PointAnalyzerTest.FindTopKIsolated
[==========] Running 1 test from 1 test suite.
[----------] Global test environment set-up.
[----------] 1 test from PointAnalyzerTest
[ RUN      ] PointAnalyzerTest.FindTopKIsolated
[       OK ] PointAnalyzerTest.FindTopKIsolated (0 ms)
[----------] 1 test from PointAnalyzerTest (0 ms total)

[----------] Global test environment tear-down
[==========] 1 test from 1 test suite ran. (0 ms total)
[  PASSED  ] 1 test.
<end of output>
Test time =   0.00 sec
----------------------------------------------------------
Test Passed.
"PointAnalyzerTest.FindTopKIsolated" end time: Apr 14 22:38 CST
"PointAnalyzerTest.FindTopKIsolated" time elapsed: 00:00:00
----------------------------------------------------------

14/19 Testing: PointAnalyzerTest.FindTopKIsolatedKGreaterThanPoints
14/19 Test: PointAnalyzerTest.FindTopKIsolatedKGreaterThanPoints
Command: "/Users/wenjian/work/find_far_most_point/build/bin/test_point_analyzer" "--gtest_filter=PointAnalyzerTest.FindTopKIsolatedKGreaterThanPoints" "--gtest_also_run_disabled_tests"
Directory: /Users/wenjian/work/find_far_most_point/build
"PointAnalyzerTest.FindTopKIsolatedKGreaterThanPoints" start time: Apr 14 22:38 CST
Output:
----------------------------------------------------------
Running main() from /private/tmp/googletest-20250910-5249-qce8ci/googletest-1.17.0/googletest/src/gtest_main.cc
Note: Google Test filter = PointAnalyzerTest.FindTopKIsolatedKGreaterThanPoints
[==========] Running 1 test from 1 test suite.
[----------] Global test environment set-up.
[----------] 1 test from PointAnalyzerTest
[ RUN      ] PointAnalyzerTest.FindTopKIsolatedKGreaterThanPoints
[       OK ] PointAnalyzerTest.FindTopKIsolatedKGreaterThanPoints (0 ms)
[----------] 1 test from PointAnalyzerTest (0 ms total)

[----------] Global test environment tear-down
[==========] 1 test from 1 test suite ran. (0 ms total)
[  PASSED  ] 1 test.
<end of output>
Test time =   0.00 sec
----------------------------------------------------------
Test Passed.
"PointAnalyzerTest.FindTopKIsolatedKGreaterThanPoints" end time: Apr 14 22:38 CST
"PointAnalyzerTest.FindTopKIsolatedKGreaterThanPoints" time elapsed: 00:00:00
----------------------------------------------------------

15/19 Testing: PointAnalyzerTest.FindTopKIsolatedEmpty
15/19 Test: PointAnalyzerTest.FindTopKIsolatedEmpty
Command: "/Users/wenjian/work/find_far_most_point/build/bin/test_point_analyzer" "--gtest_filter=PointAnalyzerTest.FindTopKIsolatedEmpty" "--gtest_also_run_disabled_tests"
Directory: /Users/wenjian/work/find_far_most_point/build
"PointAnalyzerTest.FindTopKIsolatedEmpty" start time: Apr 14 22:38 CST
Output:
----------------------------------------------------------
Running main() from /private/tmp/googletest-20250910-5249-qce8ci/googletest-1.17.0/googletest/src/gtest_main.cc
Note: Google Test filter = PointAnalyzerTest.FindTopKIsolatedEmpty
[==========] Running 1 test from 1 test suite.
[----------] Global test environment set-up.
[----------] 1 test from PointAnalyzerTest
[ RUN      ] PointAnalyzerTest.FindTopKIsolatedEmpty
[       OK ] PointAnalyzerTest.FindTopKIsolatedEmpty (0 ms)
[----------] 1 test from PointAnalyzerTest (0 ms total)

[----------] Global test environment tear-down
[==========] 1 test from 1 test suite ran. (0 ms total)
[  PASSED  ] 1 test.
<end of output>
Test time =   0.00 sec
----------------------------------------------------------
Test Passed.
"PointAnalyzerTest.FindTopKIsolatedEmpty" end time: Apr 14 22:38 CST
"PointAnalyzerTest.FindTopKIsolatedEmpty" time elapsed: 00:00:00
----------------------------------------------------------

16/19 Testing: PointAnalyzerTest.ComputeStatisticsEmpty
16/19 Test: PointAnalyzerTest.ComputeStatisticsEmpty
Command: "/Users/wenjian/work/find_far_most_point/build/bin/test_point_analyzer" "--gtest_filter=PointAnalyzerTest.ComputeStatisticsEmpty" "--gtest_also_run_disabled_tests"
Directory: /Users/wenjian/work/find_far_most_point/build
"PointAnalyzerTest.ComputeStatisticsEmpty" start time: Apr 14 22:38 CST
Output:
----------------------------------------------------------
Running main() from /private/tmp/googletest-20250910-5249-qce8ci/googletest-1.17.0/googletest/src/gtest_main.cc
Note: Google Test filter = PointAnalyzerTest.ComputeStatisticsEmpty
[==========] Running 1 test from 1 test suite.
[----------] Global test environment set-up.
[----------] 1 test from PointAnalyzerTest
[ RUN      ] PointAnalyzerTest.ComputeStatisticsEmpty
[       OK ] PointAnalyzerTest.ComputeStatisticsEmpty (0 ms)
[----------] 1 test from PointAnalyzerTest (0 ms total)

[----------] Global test environment tear-down
[==========] 1 test from 1 test suite ran. (0 ms total)
[  PASSED  ] 1 test.
<end of output>
Test time =   0.00 sec
----------------------------------------------------------
Test Passed.
"PointAnalyzerTest.ComputeStatisticsEmpty" end time: Apr 14 22:38 CST
"PointAnalyzerTest.ComputeStatisticsEmpty" time elapsed: 00:00:00
----------------------------------------------------------

17/19 Testing: PointAnalyzerTest.ComputeStatisticsSinglePoint
17/19 Test: PointAnalyzerTest.ComputeStatisticsSinglePoint
Command: "/Users/wenjian/work/find_far_most_point/build/bin/test_point_analyzer" "--gtest_filter=PointAnalyzerTest.ComputeStatisticsSinglePoint" "--gtest_also_run_disabled_tests"
Directory: /Users/wenjian/work/find_far_most_point/build
"PointAnalyzerTest.ComputeStatisticsSinglePoint" start time: Apr 14 22:38 CST
Output:
----------------------------------------------------------
Running main() from /private/tmp/googletest-20250910-5249-qce8ci/googletest-1.17.0/googletest/src/gtest_main.cc
Note: Google Test filter = PointAnalyzerTest.ComputeStatisticsSinglePoint
[==========] Running 1 test from 1 test suite.
[----------] Global test environment set-up.
[----------] 1 test from PointAnalyzerTest
[ RUN      ] PointAnalyzerTest.ComputeStatisticsSinglePoint
[       OK ] PointAnalyzerTest.ComputeStatisticsSinglePoint (0 ms)
[----------] 1 test from PointAnalyzerTest (0 ms total)

[----------] Global test environment tear-down
[==========] 1 test from 1 test suite ran. (0 ms total)
[  PASSED  ] 1 test.
<end of output>
Test time =   0.00 sec
----------------------------------------------------------
Test Passed.
"PointAnalyzerTest.ComputeStatisticsSinglePoint" end time: Apr 14 22:38 CST
"PointAnalyzerTest.ComputeStatisticsSinglePoint" time elapsed: 00:00:00
----------------------------------------------------------

18/19 Testing: PointAnalyzerTest.ComputeStatisticsBasic
18/19 Test: PointAnalyzerTest.ComputeStatisticsBasic
Command: "/Users/wenjian/work/find_far_most_point/build/bin/test_point_analyzer" "--gtest_filter=PointAnalyzerTest.ComputeStatisticsBasic" "--gtest_also_run_disabled_tests"
Directory: /Users/wenjian/work/find_far_most_point/build
"PointAnalyzerTest.ComputeStatisticsBasic" start time: Apr 14 22:38 CST
Output:
----------------------------------------------------------
Running main() from /private/tmp/googletest-20250910-5249-qce8ci/googletest-1.17.0/googletest/src/gtest_main.cc
Note: Google Test filter = PointAnalyzerTest.ComputeStatisticsBasic
[==========] Running 1 test from 1 test suite.
[----------] Global test environment set-up.
[----------] 1 test from PointAnalyzerTest
[ RUN      ] PointAnalyzerTest.ComputeStatisticsBasic
[       OK ] PointAnalyzerTest.ComputeStatisticsBasic (0 ms)
[----------] 1 test from PointAnalyzerTest (0 ms total)

[----------] Global test environment tear-down
[==========] 1 test from 1 test suite ran. (0 ms total)
[  PASSED  ] 1 test.
<end of output>
Test time =   0.00 sec
----------------------------------------------------------
Test Passed.
"PointAnalyzerTest.ComputeStatisticsBasic" end time: Apr 14 22:38 CST
"PointAnalyzerTest.ComputeStatisticsBasic" time elapsed: 00:00:00
----------------------------------------------------------

19/19 Testing: ReportGeneratorTest.GenerateTextReport
19/19 Test: ReportGeneratorTest.GenerateTextReport
Command: "/Users/wenjian/work/find_far_most_point/build/bin/test_point_analyzer" "--gtest_filter=ReportGeneratorTest.GenerateTextReport" "--gtest_also_run_disabled_tests"
Directory: /Users/wenjian/work/find_far_most_point/build
"ReportGeneratorTest.GenerateTextReport" start time: Apr 14 22:38 CST
Output:
----------------------------------------------------------
Running main() from /private/tmp/googletest-20250910-5249-qce8ci/googletest-1.17.0/googletest/src/gtest_main.cc
Note: Google Test filter = ReportGeneratorTest.GenerateTextReport
[==========] Running 1 test from 1 test suite.
[----------] Global test environment set-up.
[----------] 1 test from ReportGeneratorTest
[ RUN      ] ReportGeneratorTest.GenerateTextReport
[       OK ] ReportGeneratorTest.GenerateTextReport (0 ms)
[----------] 1 test from ReportGeneratorTest (0 ms total)

[----------] Global test environment tear-down
[==========] 1 test from 1 test suite ran. (0 ms total)
[  PASSED  ] 1 test.
<end of output>
Test time =   0.00 sec
----------------------------------------------------------
Test Passed.
"ReportGeneratorTest.GenerateTextReport" end time: Apr 14 22:38 CST
"ReportGeneratorTest.GenerateTextReport" time elapsed: 00:00:00
----------------------------------------------------------

End testing: Apr 14 22:38 CST
